-------------------------------------------------------------------------------
Test set: com.cse.sportsplus.SportsPlusApplicationTests
-------------------------------------------------------------------------------
Tests run: 1, Failures: 0, Errors: 1, Skipped: 0, Time elapsed: 2.947 s <<< FAILURE! - in com.cse.sportsplus.SportsPlusApplicationTests
initializationError(com.cse.sportsplus.SportsPlusApplicationTests)  Time elapsed: 0.019 s  <<< ERROR!
java.lang.IllegalStateException: Unable to find a @SpringBootConfiguration, you need to use @ContextConfiguration or @SpringBootTest(classes=...) with your test

